2022-03-23 15:05:11.376  INFO 12780 --- [main] c.q.SpringBootRestServiceApplication     : Starting SpringBootRestServiceApplication using Java 11.0.11 on umanimita with PID 12780 (D:\Workspace\springboot\SpringBootRestService\target\classes started by KANNAN in D:\Workspace\springboot\SpringBootRestService)
2022-03-23 15:05:11.383  INFO 12780 --- [main] c.q.SpringBootRestServiceApplication     : No active profile set, falling back to 1 default profile: "default"
2022-03-23 15:05:13.555  INFO 12780 --- [main] .s.d.r.c.RepositoryConfigurationDelegate : Bootstrapping Spring Data JPA repositories in DEFAULT mode.
2022-03-23 15:05:14.025  INFO 12780 --- [main] .s.d.r.c.RepositoryConfigurationDelegate : Finished Spring Data repository scanning in 319 ms. Found 1 JPA repository interfaces.
2022-03-23 15:05:18.795  INFO 12780 --- [main] o.s.b.w.embedded.tomcat.TomcatWebServer  : Tomcat initialized with port(s): 8080 (http)
2022-03-23 15:05:18.909  INFO 12780 --- [main] o.apache.catalina.core.StandardService   : Starting service [Tomcat]
2022-03-23 15:05:18.911  INFO 12780 --- [main] org.apache.catalina.core.StandardEngine  : Starting Servlet engine: [Apache Tomcat/9.0.58]
2022-03-23 15:05:20.441  INFO 12780 --- [main] o.a.c.c.C.[Tomcat].[localhost].[/]       : Initializing Spring embedded WebApplicationContext
2022-03-23 15:05:20.442  INFO 12780 --- [main] w.s.c.ServletWebServerApplicationContext : Root WebApplicationContext: initialization completed in 8981 ms
2022-03-23 15:05:22.919  INFO 12780 --- [main] o.hibernate.jpa.internal.util.LogHelper  : HHH000204: Processing PersistenceUnitInfo [name: default]
2022-03-23 15:05:23.628  INFO 12780 --- [main] org.hibernate.Version                    : HHH000412: Hibernate ORM core version 5.6.5.Final
2022-03-23 15:05:26.239  INFO 12780 --- [main] o.hibernate.annotations.common.Version   : HCANN000001: Hibernate Commons Annotations {5.1.2.Final}
2022-03-23 15:05:28.441  INFO 12780 --- [main] com.zaxxer.hikari.HikariDataSource       : HikariPool-1 - Starting...
2022-03-23 15:05:33.542  INFO 12780 --- [main] com.zaxxer.hikari.HikariDataSource       : HikariPool-1 - Start completed.
2022-03-23 15:05:33.699  INFO 12780 --- [main] org.hibernate.dialect.Dialect            : HHH000400: Using dialect: org.hibernate.dialect.MySQL5InnoDBDialect
2022-03-23 15:05:39.995  INFO 12780 --- [main] o.h.e.t.j.p.i.JtaPlatformInitiator       : HHH000490: Using JtaPlatform implementation: [org.hibernate.engine.transaction.jta.platform.internal.NoJtaPlatform]
2022-03-23 15:05:40.133  INFO 12780 --- [main] j.LocalContainerEntityManagerFactoryBean : Initialized JPA EntityManagerFactory for persistence unit 'default'
2022-03-23 15:05:43.096  WARN 12780 --- [main] JpaBaseConfiguration$JpaWebConfiguration : spring.jpa.open-in-view is enabled by default. Therefore, database queries may be performed during view rendering. Explicitly configure spring.jpa.open-in-view to disable this warning
2022-03-23 15:05:45.152  INFO 12780 --- [main] o.s.b.w.embedded.tomcat.TomcatWebServer  : Tomcat started on port(s): 8080 (http) with context path ''
2022-03-23 15:05:45.193  INFO 12780 --- [main] c.q.SpringBootRestServiceApplication     : Started SpringBootRestServiceApplication in 34.764 seconds (JVM running for 36.274)
2022-03-23 15:06:05.727  INFO 12780 --- [http-nio-8080-exec-1] o.a.c.c.C.[Tomcat].[localhost].[/]       : Initializing Spring DispatcherServlet 'dispatcherServlet'
2022-03-23 15:06:05.729  INFO 12780 --- [http-nio-8080-exec-1] o.s.web.servlet.DispatcherServlet        : Initializing Servlet 'dispatcherServlet'
2022-03-23 15:06:05.730  INFO 12780 --- [http-nio-8080-exec-1] o.s.web.servlet.DispatcherServlet        : Completed initialization in 1 ms
2022-03-23 15:06:06.337  INFO 12780 --- [http-nio-8080-exec-1] c.qehuddle.controller.LibraryController  : Create New Entry of Book details
2022-03-23 15:06:51.958  INFO 12780 --- [http-nio-8080-exec-3] c.qehuddle.controller.LibraryController  : Get Book by id isbn002369856
2022-03-23 15:07:06.730  INFO 12780 --- [http-nio-8080-exec-5] c.qehuddle.controller.LibraryController  : Get Book by author name san
2022-03-23 15:07:56.737  INFO 12780 --- [http-nio-8080-exec-7] c.qehuddle.controller.LibraryController  : Update Book details by id isbn002369856
2022-03-23 15:08:16.894  INFO 12780 --- [RMI TCP Connection(4)-127.0.0.1] inMXBeanRegistrar$SpringApplicationAdmin : Application shutdown requested.
2022-03-23 15:08:17.381  INFO 12780 --- [RMI TCP Connection(4)-127.0.0.1] j.LocalContainerEntityManagerFactoryBean : Closing JPA EntityManagerFactory for persistence unit 'default'
2022-03-23 15:08:17.389  INFO 12780 --- [RMI TCP Connection(4)-127.0.0.1] com.zaxxer.hikari.HikariDataSource       : HikariPool-1 - Shutdown initiated...
2022-03-23 15:08:17.520  INFO 12780 --- [RMI TCP Connection(4)-127.0.0.1] com.zaxxer.hikari.HikariDataSource       : HikariPool-1 - Shutdown completed.
2022-03-23 15:14:40.365  INFO 10752 --- [main] c.q.SpringBootRestServiceApplication     : Starting SpringBootRestServiceApplication using Java 11.0.11 on umanimita with PID 10752 (D:\Workspace\springboot\SpringBootRestService\target\classes started by KANNAN in D:\Workspace\springboot\SpringBootRestService)
2022-03-23 15:14:40.511  INFO 10752 --- [main] c.q.SpringBootRestServiceApplication     : No active profile set, falling back to 1 default profile: "default"
2022-03-23 15:14:43.659  INFO 10752 --- [main] .s.d.r.c.RepositoryConfigurationDelegate : Bootstrapping Spring Data JPA repositories in DEFAULT mode.
2022-03-23 15:14:43.816  INFO 10752 --- [main] .s.d.r.c.RepositoryConfigurationDelegate : Finished Spring Data repository scanning in 137 ms. Found 1 JPA repository interfaces.
2022-03-23 15:14:46.307  INFO 10752 --- [main] o.s.b.w.embedded.tomcat.TomcatWebServer  : Tomcat initialized with port(s): 8080 (http)
2022-03-23 15:14:46.375  INFO 10752 --- [main] o.apache.catalina.core.StandardService   : Starting service [Tomcat]
2022-03-23 15:14:46.375  INFO 10752 --- [main] org.apache.catalina.core.StandardEngine  : Starting Servlet engine: [Apache Tomcat/9.0.58]
2022-03-23 15:14:46.828  INFO 10752 --- [main] o.a.c.c.C.[Tomcat].[localhost].[/]       : Initializing Spring embedded WebApplicationContext
2022-03-23 15:14:46.829  INFO 10752 --- [main] w.s.c.ServletWebServerApplicationContext : Root WebApplicationContext: initialization completed in 6194 ms
2022-03-23 15:14:47.853  INFO 10752 --- [main] o.hibernate.jpa.internal.util.LogHelper  : HHH000204: Processing PersistenceUnitInfo [name: default]
2022-03-23 15:14:48.593  INFO 10752 --- [main] org.hibernate.Version                    : HHH000412: Hibernate ORM core version 5.6.5.Final
2022-03-23 15:14:51.091  INFO 10752 --- [main] o.hibernate.annotations.common.Version   : HCANN000001: Hibernate Commons Annotations {5.1.2.Final}
2022-03-23 15:14:51.667  INFO 10752 --- [main] com.zaxxer.hikari.HikariDataSource       : HikariPool-1 - Starting...
2022-03-23 15:14:55.016  INFO 10752 --- [main] com.zaxxer.hikari.HikariDataSource       : HikariPool-1 - Start completed.
2022-03-23 15:14:55.305  INFO 10752 --- [main] org.hibernate.dialect.Dialect            : HHH000400: Using dialect: org.hibernate.dialect.MySQL5InnoDBDialect
2022-03-23 15:14:59.673  INFO 10752 --- [main] o.h.e.t.j.p.i.JtaPlatformInitiator       : HHH000490: Using JtaPlatform implementation: [org.hibernate.engine.transaction.jta.platform.internal.NoJtaPlatform]
2022-03-23 15:14:59.725  INFO 10752 --- [main] j.LocalContainerEntityManagerFactoryBean : Initialized JPA EntityManagerFactory for persistence unit 'default'
2022-03-23 15:15:00.927  WARN 10752 --- [main] JpaBaseConfiguration$JpaWebConfiguration : spring.jpa.open-in-view is enabled by default. Therefore, database queries may be performed during view rendering. Explicitly configure spring.jpa.open-in-view to disable this warning
2022-03-23 15:15:01.762  INFO 10752 --- [main] .s.s.UserDetailsServiceAutoConfiguration : 

Using generated security password: 4ffcd195-5470-4d2e-a30e-38c6b3da8ae8

2022-03-23 15:15:02.976  INFO 10752 --- [main] o.s.s.web.DefaultSecurityFilterChain     : Will not secure any request
2022-03-23 15:15:03.712  INFO 10752 --- [main] o.s.b.w.embedded.tomcat.TomcatWebServer  : Tomcat started on port(s): 8080 (http) with context path ''
2022-03-23 15:15:03.752  INFO 10752 --- [main] c.q.SpringBootRestServiceApplication     : Started SpringBootRestServiceApplication in 24.38 seconds (JVM running for 25.767)
2022-03-23 15:15:29.764  INFO 10752 --- [http-nio-8080-exec-1] o.a.c.c.C.[Tomcat].[localhost].[/]       : Initializing Spring DispatcherServlet 'dispatcherServlet'
2022-03-23 15:15:29.766  INFO 10752 --- [http-nio-8080-exec-1] o.s.web.servlet.DispatcherServlet        : Initializing Servlet 'dispatcherServlet'
2022-03-23 15:15:29.768  INFO 10752 --- [http-nio-8080-exec-1] o.s.web.servlet.DispatcherServlet        : Completed initialization in 2 ms
2022-03-23 15:15:30.623  WARN 10752 --- [http-nio-8080-exec-1] o.a.c.util.SessionIdGeneratorBase        : Creation of SecureRandom instance for session ID generation using [SHA1PRNG] took [407] milliseconds.
2022-03-23 15:17:57.203  INFO 10752 --- [http-nio-8080-exec-5] c.qehuddle.controller.LibraryController  : Get Book by id isbn002369856
2022-03-23 15:19:21.823  INFO 10752 --- [http-nio-8080-exec-4] c.qehuddle.controller.LibraryController  : Get Book by author name san
2022-03-23 15:22:57.492  INFO 10752 --- [RMI TCP Connection(10)-127.0.0.1] inMXBeanRegistrar$SpringApplicationAdmin : Application shutdown requested.
2022-03-23 15:22:58.279  INFO 10752 --- [RMI TCP Connection(10)-127.0.0.1] j.LocalContainerEntityManagerFactoryBean : Closing JPA EntityManagerFactory for persistence unit 'default'
2022-03-23 15:22:58.396  INFO 10752 --- [RMI TCP Connection(10)-127.0.0.1] com.zaxxer.hikari.HikariDataSource       : HikariPool-1 - Shutdown initiated...
2022-03-23 15:22:58.661  INFO 10752 --- [RMI TCP Connection(10)-127.0.0.1] com.zaxxer.hikari.HikariDataSource       : HikariPool-1 - Shutdown completed.
2022-03-23 18:55:44.114  INFO 9212 --- [main] .q.SpringBootRestServiceApplicationTests : Starting SpringBootRestServiceApplicationTests using Java 11.0.11 on umanimita with PID 9212 (started by KANNAN in D:\Workspace\springboot\SpringBootRestService)
2022-03-23 18:55:44.152  INFO 9212 --- [main] .q.SpringBootRestServiceApplicationTests : No active profile set, falling back to 1 default profile: "default"
2022-03-23 18:55:48.995  INFO 9212 --- [main] .s.d.r.c.RepositoryConfigurationDelegate : Bootstrapping Spring Data JPA repositories in DEFAULT mode.
2022-03-23 18:55:49.175  INFO 9212 --- [main] .s.d.r.c.RepositoryConfigurationDelegate : Finished Spring Data repository scanning in 154 ms. Found 1 JPA repository interfaces.
2022-03-23 18:55:52.490  INFO 9212 --- [main] o.hibernate.jpa.internal.util.LogHelper  : HHH000204: Processing PersistenceUnitInfo [name: default]
2022-03-23 18:55:53.704  INFO 9212 --- [main] org.hibernate.Version                    : HHH000412: Hibernate ORM core version 5.6.5.Final
2022-03-23 18:55:55.954  INFO 9212 --- [main] o.hibernate.annotations.common.Version   : HCANN000001: Hibernate Commons Annotations {5.1.2.Final}
2022-03-23 18:55:57.322  INFO 9212 --- [main] com.zaxxer.hikari.HikariDataSource       : HikariPool-1 - Starting...
2022-03-23 18:56:08.277  INFO 9212 --- [main] com.zaxxer.hikari.HikariDataSource       : HikariPool-1 - Start completed.
2022-03-23 18:56:08.515  INFO 9212 --- [main] org.hibernate.dialect.Dialect            : HHH000400: Using dialect: org.hibernate.dialect.MySQL5InnoDBDialect
2022-03-23 18:56:17.883  INFO 9212 --- [main] o.h.e.t.j.p.i.JtaPlatformInitiator       : HHH000490: Using JtaPlatform implementation: [org.hibernate.engine.transaction.jta.platform.internal.NoJtaPlatform]
2022-03-23 18:56:18.080  INFO 9212 --- [main] j.LocalContainerEntityManagerFactoryBean : Initialized JPA EntityManagerFactory for persistence unit 'default'
2022-03-23 18:56:27.805  WARN 9212 --- [main] JpaBaseConfiguration$JpaWebConfiguration : spring.jpa.open-in-view is enabled by default. Therefore, database queries may be performed during view rendering. Explicitly configure spring.jpa.open-in-view to disable this warning
2022-03-23 18:56:31.129  INFO 9212 --- [main] .s.s.UserDetailsServiceAutoConfiguration : 

Using generated security password: e6b90703-7a3f-4b5e-aa0c-07dd6db25ae1

2022-03-23 18:56:32.597  INFO 9212 --- [main] o.s.s.web.DefaultSecurityFilterChain     : Will not secure any request
2022-03-23 18:56:32.846  INFO 9212 --- [main] .q.SpringBootRestServiceApplicationTests : Started SpringBootRestServiceApplicationTests in 51.071 seconds (JVM running for 61.811)
2022-03-23 18:56:34.812  INFO 9212 --- [SpringApplicationShutdownHook] j.LocalContainerEntityManagerFactoryBean : Closing JPA EntityManagerFactory for persistence unit 'default'
2022-03-23 18:56:34.830  INFO 9212 --- [SpringApplicationShutdownHook] com.zaxxer.hikari.HikariDataSource       : HikariPool-1 - Shutdown initiated...
2022-03-23 18:56:35.093  INFO 9212 --- [SpringApplicationShutdownHook] com.zaxxer.hikari.HikariDataSource       : HikariPool-1 - Shutdown completed.
2022-03-23 18:57:14.394  INFO 1516 --- [main] .q.SpringBootRestServiceApplicationTests : Starting SpringBootRestServiceApplicationTests using Java 11.0.11 on umanimita with PID 1516 (started by KANNAN in D:\Workspace\springboot\SpringBootRestService)
2022-03-23 18:57:14.397  INFO 1516 --- [main] .q.SpringBootRestServiceApplicationTests : No active profile set, falling back to 1 default profile: "default"
2022-03-23 18:57:16.525  INFO 1516 --- [main] .s.d.r.c.RepositoryConfigurationDelegate : Bootstrapping Spring Data JPA repositories in DEFAULT mode.
2022-03-23 18:57:16.660  INFO 1516 --- [main] .s.d.r.c.RepositoryConfigurationDelegate : Finished Spring Data repository scanning in 120 ms. Found 1 JPA repository interfaces.
2022-03-23 18:57:18.381  INFO 1516 --- [main] o.hibernate.jpa.internal.util.LogHelper  : HHH000204: Processing PersistenceUnitInfo [name: default]
2022-03-23 18:57:18.682  INFO 1516 --- [main] org.hibernate.Version                    : HHH000412: Hibernate ORM core version 5.6.5.Final
2022-03-23 18:57:19.572  INFO 1516 --- [main] o.hibernate.annotations.common.Version   : HCANN000001: Hibernate Commons Annotations {5.1.2.Final}
2022-03-23 18:57:20.770  INFO 1516 --- [main] com.zaxxer.hikari.HikariDataSource       : HikariPool-1 - Starting...
2022-03-23 18:57:21.601  INFO 1516 --- [main] com.zaxxer.hikari.HikariDataSource       : HikariPool-1 - Start completed.
2022-03-23 18:57:21.630  INFO 1516 --- [main] org.hibernate.dialect.Dialect            : HHH000400: Using dialect: org.hibernate.dialect.MySQL5InnoDBDialect
2022-03-23 18:57:23.466  INFO 1516 --- [main] o.h.e.t.j.p.i.JtaPlatformInitiator       : HHH000490: Using JtaPlatform implementation: [org.hibernate.engine.transaction.jta.platform.internal.NoJtaPlatform]
2022-03-23 18:57:23.502  INFO 1516 --- [main] j.LocalContainerEntityManagerFactoryBean : Initialized JPA EntityManagerFactory for persistence unit 'default'
2022-03-23 18:57:24.905  WARN 1516 --- [main] JpaBaseConfiguration$JpaWebConfiguration : spring.jpa.open-in-view is enabled by default. Therefore, database queries may be performed during view rendering. Explicitly configure spring.jpa.open-in-view to disable this warning
2022-03-23 18:57:26.351  INFO 1516 --- [main] .s.s.UserDetailsServiceAutoConfiguration : 

Using generated security password: 24c87021-da1a-495d-89ad-03048004f79b

2022-03-23 18:57:26.929  INFO 1516 --- [main] o.s.s.web.DefaultSecurityFilterChain     : Will not secure any request
2022-03-23 18:57:27.173  INFO 1516 --- [main] .q.SpringBootRestServiceApplicationTests : Started SpringBootRestServiceApplicationTests in 13.804 seconds (JVM running for 20.127)
2022-03-23 18:57:27.887  INFO 1516 --- [SpringApplicationShutdownHook] j.LocalContainerEntityManagerFactoryBean : Closing JPA EntityManagerFactory for persistence unit 'default'
2022-03-23 18:57:27.898  INFO 1516 --- [SpringApplicationShutdownHook] com.zaxxer.hikari.HikariDataSource       : HikariPool-1 - Shutdown initiated...
2022-03-23 18:57:27.936  INFO 1516 --- [SpringApplicationShutdownHook] com.zaxxer.hikari.HikariDataSource       : HikariPool-1 - Shutdown completed.
